build/app/intermediates/manifest_merge_blame_file/debug/processDebugMainManifest/manifest-merger-blame-debug-report.txt
1<?xml version="1.0" encoding="utf-8"?>
2<manifest xmlns:android="http://schemas.android.com/apk/res/android"
3    package="com.example.healthmvp"
4    android:versionCode="1"
5    android:versionName="1.0.0" >
6
7    <uses-sdk
8        android:minSdkVersion="23"
9        android:targetSdkVersion="35" />
10    <!--
11         The INTERNET permission is required for development. Specifically,
12         the Flutter tool needs it to communicate with the running application
13         to allow setting breakpoints, to provide hot reload, etc.
14    -->
15    <uses-permission android:name="android.permission.INTERNET" />
15-->src/main/AndroidManifest.xml:6:5-66
15-->src/main/AndroidManifest.xml:6:22-64
16    <uses-permission android:name="android.permission.FOREGROUND_SERVICE" />
16-->src/main/AndroidManifest.xml:7:5-76
16-->src/main/AndroidManifest.xml:7:22-74
17    <uses-permission android:name="android.permission.POST_NOTIFICATIONS" />
17-->src/main/AndroidManifest.xml:8:5-76
17-->src/main/AndroidManifest.xml:8:22-74
18    <uses-permission android:name="android.permission.SCHEDULE_EXACT_ALARM" />
18-->src/main/AndroidManifest.xml:9:5-78
18-->src/main/AndroidManifest.xml:9:22-76
19    <uses-permission android:name="android.permission.USE_EXACT_ALARM" />
19-->src/main/AndroidManifest.xml:10:5-73
19-->src/main/AndroidManifest.xml:10:22-71
20    <uses-permission android:name="android.permission.RECEIVE_BOOT_COMPLETED" />
20-->src/main/AndroidManifest.xml:11:5-80
20-->src/main/AndroidManifest.xml:11:22-78
21    <uses-permission android:name="android.permission.VIBRATE" />
21-->src/main/AndroidManifest.xml:12:5-65
21-->src/main/AndroidManifest.xml:12:22-63
22    <uses-permission android:name="android.permission.WAKE_LOCK" />
22-->src/main/AndroidManifest.xml:13:5-67
22-->src/main/AndroidManifest.xml:13:22-65
23    <uses-permission android:name="android.permission.USE_FULL_SCREEN_INTENT" />
23-->src/main/AndroidManifest.xml:14:5-81
23-->src/main/AndroidManifest.xml:14:22-78
24    <uses-permission android:name="android.permission.ACCESS_NETWORK_STATE" /> <!-- Required by older versions of Google Play services to create IID tokens -->
24-->[:firebase_messaging] AndroidManifest.xml:9:5-79
24-->[:firebase_messaging] AndroidManifest.xml:9:22-76
25    <uses-permission android:name="com.google.android.c2dm.permission.RECEIVE" />
25-->[com.google.firebase:firebase-messaging:24.1.1] AndroidManifest.xml:26:5-82
25-->[com.google.firebase:firebase-messaging:24.1.1] AndroidManifest.xml:26:22-79
26
27    <queries>
27-->[com.razorpay:standard-core:1.6.53] AndroidManifest.xml:10:5-39:15
28        <intent>
28-->[com.razorpay:standard-core:1.6.53] AndroidManifest.xml:11:9-17:18
29            <action android:name="android.intent.action.VIEW" />
29-->[com.google.firebase:firebase-auth:23.2.0] AndroidManifest.xml:36:17-69
29-->[com.google.firebase:firebase-auth:23.2.0] AndroidManifest.xml:36:25-66
30
31            <data
31-->[com.google.firebase:firebase-auth:23.2.0] AndroidManifest.xml:41:17-44:51
32                android:mimeType="*/*"
33                android:scheme="*" />
33-->[com.google.firebase:firebase-auth:23.2.0] AndroidManifest.xml:44:21-48
34        </intent>
35        <intent>
35-->[com.razorpay:standard-core:1.6.53] AndroidManifest.xml:18:9-27:18
36            <action android:name="android.intent.action.VIEW" />
36-->[com.google.firebase:firebase-auth:23.2.0] AndroidManifest.xml:36:17-69
36-->[com.google.firebase:firebase-auth:23.2.0] AndroidManifest.xml:36:25-66
37
38            <category android:name="android.intent.category.BROWSABLE" />
38-->[com.google.firebase:firebase-auth:23.2.0] AndroidManifest.xml:39:17-78
38-->[com.google.firebase:firebase-auth:23.2.0] AndroidManifest.xml:39:27-75
39
40            <data
40-->[com.google.firebase:firebase-auth:23.2.0] AndroidManifest.xml:41:17-44:51
41                android:host="pay"
41-->[com.google.firebase:firebase-auth:23.2.0] AndroidManifest.xml:42:21-49
42                android:mimeType="*/*"
43                android:scheme="upi" />
43-->[com.google.firebase:firebase-auth:23.2.0] AndroidManifest.xml:44:21-48
44        </intent>
45        <intent>
45-->[com.razorpay:standard-core:1.6.53] AndroidManifest.xml:28:9-30:18
46            <action android:name="android.intent.action.MAIN" />
46-->[com.razorpay:standard-core:1.6.53] AndroidManifest.xml:29:13-65
46-->[com.razorpay:standard-core:1.6.53] AndroidManifest.xml:29:21-62
47        </intent>
48        <intent>
48-->[com.razorpay:standard-core:1.6.53] AndroidManifest.xml:31:9-35:18
49            <action android:name="android.intent.action.SEND" />
49-->[com.razorpay:standard-core:1.6.53] AndroidManifest.xml:32:13-65
49-->[com.razorpay:standard-core:1.6.53] AndroidManifest.xml:32:21-62
50
51            <data android:mimeType="*/*" />
51-->[com.google.firebase:firebase-auth:23.2.0] AndroidManifest.xml:41:17-44:51
52        </intent>
53        <intent>
53-->[com.razorpay:standard-core:1.6.53] AndroidManifest.xml:36:9-38:18
54            <action android:name="rzp.device_token.share" />
54-->[com.razorpay:standard-core:1.6.53] AndroidManifest.xml:37:13-61
54-->[com.razorpay:standard-core:1.6.53] AndroidManifest.xml:37:21-58
55        </intent>
56        <!-- Needs to be explicitly declared on Android R+ -->
57        <package android:name="com.google.android.apps.maps" />
57-->[com.google.android.gms:play-services-maps:18.0.2] AndroidManifest.xml:33:9-64
57-->[com.google.android.gms:play-services-maps:18.0.2] AndroidManifest.xml:33:18-61
58    </queries>
59
60    <uses-feature
60-->[com.google.android.gms:play-services-maps:18.0.2] AndroidManifest.xml:26:5-28:35
61        android:glEsVersion="0x00020000"
61-->[com.google.android.gms:play-services-maps:18.0.2] AndroidManifest.xml:27:9-41
62        android:required="true" />
62-->[com.google.android.gms:play-services-maps:18.0.2] AndroidManifest.xml:28:9-32
63
64    <uses-permission android:name="com.google.android.providers.gsf.permission.READ_GSERVICES" />
64-->[com.google.android.recaptcha:recaptcha:18.6.1] AndroidManifest.xml:9:5-98
64-->[com.google.android.recaptcha:recaptcha:18.6.1] AndroidManifest.xml:9:22-95
65
66    <permission
66-->[androidx.core:core:1.13.1] AndroidManifest.xml:22:5-24:47
67        android:name="com.example.healthmvp.DYNAMIC_RECEIVER_NOT_EXPORTED_PERMISSION"
67-->[androidx.core:core:1.13.1] AndroidManifest.xml:23:9-81
68        android:protectionLevel="signature" />
68-->[androidx.core:core:1.13.1] AndroidManifest.xml:24:9-44
69
70    <uses-permission android:name="com.example.healthmvp.DYNAMIC_RECEIVER_NOT_EXPORTED_PERMISSION" />
70-->[androidx.core:core:1.13.1] AndroidManifest.xml:26:5-97
70-->[androidx.core:core:1.13.1] AndroidManifest.xml:26:22-94
71
72    <application
73        android:name="android.app.Application"
74        android:appComponentFactory="androidx.core.app.CoreComponentFactory"
74-->[androidx.core:core:1.13.1] AndroidManifest.xml:28:18-86
75        android:debuggable="true"
76        android:extractNativeLibs="false"
77        android:icon="@mipmap/ic_launcher"
78        android:label="Health MVP" >
79
80        <!-- Main Activity -->
81        <activity
82            android:name="com.example.healthmvp.MainActivity"
83            android:configChanges="orientation|keyboardHidden|keyboard|screenSize|smallestScreenSize|locale|layoutDirection|fontScale|screenLayout|density|uiMode"
84            android:exported="true"
85            android:hardwareAccelerated="true"
86            android:launchMode="singleTop"
87            android:theme="@style/LaunchTheme"
88            android:windowSoftInputMode="adjustResize" >
89            <meta-data
90                android:name="io.flutter.embedding.android.NormalTheme"
91                android:resource="@style/NormalTheme" />
92
93            <intent-filter>
94                <action android:name="android.intent.action.MAIN" />
94-->[com.razorpay:standard-core:1.6.53] AndroidManifest.xml:29:13-65
94-->[com.razorpay:standard-core:1.6.53] AndroidManifest.xml:29:21-62
95
96                <category android:name="android.intent.category.LAUNCHER" />
97            </intent-filter>
98        </activity>
99        <activity
100            android:name="com.razorpay.CheckoutActivity"
101            android:configChanges="keyboard|keyboardHidden|orientation|screenSize"
101-->[com.razorpay:standard-core:1.6.53] AndroidManifest.xml:44:13-83
102            android:exported="false"
103            android:theme="@style/CheckoutTheme" >
104            <intent-filter>
104-->[com.razorpay:standard-core:1.6.53] AndroidManifest.xml:47:13-49:29
105                <action android:name="android.intent.action.MAIN" />
105-->[com.razorpay:standard-core:1.6.53] AndroidManifest.xml:29:13-65
105-->[com.razorpay:standard-core:1.6.53] AndroidManifest.xml:29:21-62
106            </intent-filter>
107        </activity>
108
109        <meta-data
110            android:name="flutterEmbedding"
111            android:value="2" />
112
113        <!-- flutter_local_notifications receivers -->
114        <receiver
115            android:name="com.dexterous.flutterlocalnotifications.ScheduledNotificationReceiver"
116            android:exported="false" />
117        <receiver
118            android:name="com.dexterous.flutterlocalnotifications.ScheduledNotificationBootReceiver"
119            android:exported="false" >
120            <intent-filter>
121                <action android:name="android.intent.action.BOOT_COMPLETED" />
121-->[:flutter_background_service_android] AndroidManifest.xml:27:17-79
121-->[:flutter_background_service_android] AndroidManifest.xml:27:25-76
122                <action android:name="android.intent.action.MY_PACKAGE_REPLACED" />
122-->[:flutter_background_service_android] AndroidManifest.xml:29:17-84
122-->[:flutter_background_service_android] AndroidManifest.xml:29:25-81
123            </intent-filter>
124            <intent-filter>
124-->[:flutter_local_notifications] AndroidManifest.xml:23:13-28:29
125                <action android:name="android.intent.action.BOOT_COMPLETED" />
125-->[:flutter_background_service_android] AndroidManifest.xml:27:17-79
125-->[:flutter_background_service_android] AndroidManifest.xml:27:25-76
126                <action android:name="android.intent.action.MY_PACKAGE_REPLACED" />
126-->[:flutter_background_service_android] AndroidManifest.xml:29:17-84
126-->[:flutter_background_service_android] AndroidManifest.xml:29:25-81
127                <action android:name="android.intent.action.QUICKBOOT_POWERON" />
127-->[:flutter_background_service_android] AndroidManifest.xml:28:17-82
127-->[:flutter_background_service_android] AndroidManifest.xml:28:25-79
128                <action android:name="com.htc.intent.action.QUICKBOOT_POWERON" />
128-->[:flutter_local_notifications] AndroidManifest.xml:27:17-82
128-->[:flutter_local_notifications] AndroidManifest.xml:27:25-79
129            </intent-filter>
130        </receiver>
131
132        <!-- flutter_background_service -->
133        <service
134            android:name="com.ekasetiawans.flutter_background_service.FlutterBackgroundService"
135            android:exported="false"
136            android:permission="android.permission.FOREGROUND_SERVICE" />
137        <service
137-->[:firebase_auth] AndroidManifest.xml:8:9-12:19
138            android:name="com.google.firebase.components.ComponentDiscoveryService"
138-->[:firebase_auth] AndroidManifest.xml:8:18-89
139            android:directBootAware="true"
139-->[com.google.firebase:firebase-common:21.0.0] AndroidManifest.xml:32:13-43
140            android:exported="false" >
140-->[com.google.firebase:firebase-auth:23.2.0] AndroidManifest.xml:68:13-37
141            <meta-data
141-->[:firebase_auth] AndroidManifest.xml:9:13-11:85
142                android:name="com.google.firebase.components:io.flutter.plugins.firebase.auth.FlutterFirebaseAuthRegistrar"
142-->[:firebase_auth] AndroidManifest.xml:10:17-124
143                android:value="com.google.firebase.components.ComponentRegistrar" />
143-->[:firebase_auth] AndroidManifest.xml:11:17-82
144            <meta-data
144-->[:firebase_messaging] AndroidManifest.xml:36:13-38:85
145                android:name="com.google.firebase.components:io.flutter.plugins.firebase.messaging.FlutterFirebaseAppRegistrar"
145-->[:firebase_messaging] AndroidManifest.xml:37:17-128
146                android:value="com.google.firebase.components.ComponentRegistrar" />
146-->[:firebase_messaging] AndroidManifest.xml:38:17-82
147            <meta-data
147-->[:firebase_core] AndroidManifest.xml:9:13-11:85
148                android:name="com.google.firebase.components:io.flutter.plugins.firebase.core.FlutterFirebaseCoreRegistrar"
148-->[:firebase_core] AndroidManifest.xml:10:17-124
149                android:value="com.google.firebase.components.ComponentRegistrar" />
149-->[:firebase_core] AndroidManifest.xml:11:17-82
150            <meta-data
150-->[com.google.firebase:firebase-auth:23.2.0] AndroidManifest.xml:69:13-71:85
151                android:name="com.google.firebase.components:com.google.firebase.auth.FirebaseAuthRegistrar"
151-->[com.google.firebase:firebase-auth:23.2.0] AndroidManifest.xml:70:17-109
152                android:value="com.google.firebase.components.ComponentRegistrar" />
152-->[com.google.firebase:firebase-auth:23.2.0] AndroidManifest.xml:71:17-82
153            <meta-data
153-->[com.google.firebase:firebase-messaging:24.1.1] AndroidManifest.xml:57:13-59:85
154                android:name="com.google.firebase.components:com.google.firebase.messaging.FirebaseMessagingKtxRegistrar"
154-->[com.google.firebase:firebase-messaging:24.1.1] AndroidManifest.xml:58:17-122
155                android:value="com.google.firebase.components.ComponentRegistrar" />
155-->[com.google.firebase:firebase-messaging:24.1.1] AndroidManifest.xml:59:17-82
156            <meta-data
156-->[com.google.firebase:firebase-messaging:24.1.1] AndroidManifest.xml:60:13-62:85
157                android:name="com.google.firebase.components:com.google.firebase.messaging.FirebaseMessagingRegistrar"
157-->[com.google.firebase:firebase-messaging:24.1.1] AndroidManifest.xml:61:17-119
158                android:value="com.google.firebase.components.ComponentRegistrar" />
158-->[com.google.firebase:firebase-messaging:24.1.1] AndroidManifest.xml:62:17-82
159            <meta-data
159-->[com.google.firebase:firebase-installations:18.0.0] AndroidManifest.xml:15:13-17:85
160                android:name="com.google.firebase.components:com.google.firebase.installations.FirebaseInstallationsKtxRegistrar"
160-->[com.google.firebase:firebase-installations:18.0.0] AndroidManifest.xml:16:17-130
161                android:value="com.google.firebase.components.ComponentRegistrar" />
161-->[com.google.firebase:firebase-installations:18.0.0] AndroidManifest.xml:17:17-82
162            <meta-data
162-->[com.google.firebase:firebase-installations:18.0.0] AndroidManifest.xml:18:13-20:85
163                android:name="com.google.firebase.components:com.google.firebase.installations.FirebaseInstallationsRegistrar"
163-->[com.google.firebase:firebase-installations:18.0.0] AndroidManifest.xml:19:17-127
164                android:value="com.google.firebase.components.ComponentRegistrar" />
164-->[com.google.firebase:firebase-installations:18.0.0] AndroidManifest.xml:20:17-82
165            <meta-data
165-->[com.google.firebase:firebase-common-ktx:21.0.0] AndroidManifest.xml:12:13-14:85
166                android:name="com.google.firebase.components:com.google.firebase.ktx.FirebaseCommonLegacyRegistrar"
166-->[com.google.firebase:firebase-common-ktx:21.0.0] AndroidManifest.xml:13:17-116
167                android:value="com.google.firebase.components.ComponentRegistrar" />
167-->[com.google.firebase:firebase-common-ktx:21.0.0] AndroidManifest.xml:14:17-82
168            <meta-data
168-->[com.google.firebase:firebase-common:21.0.0] AndroidManifest.xml:35:13-37:85
169                android:name="com.google.firebase.components:com.google.firebase.FirebaseCommonKtxRegistrar"
169-->[com.google.firebase:firebase-common:21.0.0] AndroidManifest.xml:36:17-109
170                android:value="com.google.firebase.components.ComponentRegistrar" />
170-->[com.google.firebase:firebase-common:21.0.0] AndroidManifest.xml:37:17-82
171            <meta-data
171-->[com.google.firebase:firebase-datatransport:18.2.0] AndroidManifest.xml:25:13-27:85
172                android:name="com.google.firebase.components:com.google.firebase.datatransport.TransportRegistrar"
172-->[com.google.firebase:firebase-datatransport:18.2.0] AndroidManifest.xml:26:17-115
173                android:value="com.google.firebase.components.ComponentRegistrar" />
173-->[com.google.firebase:firebase-datatransport:18.2.0] AndroidManifest.xml:27:17-82
174        </service>
175        <service
175-->[:firebase_messaging] AndroidManifest.xml:14:9-17:72
176            android:name="io.flutter.plugins.firebase.messaging.FlutterFirebaseMessagingBackgroundService"
176-->[:firebase_messaging] AndroidManifest.xml:15:13-107
177            android:exported="false"
177-->[:firebase_messaging] AndroidManifest.xml:16:13-37
178            android:permission="android.permission.BIND_JOB_SERVICE" />
178-->[:firebase_messaging] AndroidManifest.xml:17:13-69
179        <service
179-->[:firebase_messaging] AndroidManifest.xml:18:9-24:19
180            android:name="io.flutter.plugins.firebase.messaging.FlutterFirebaseMessagingService"
180-->[:firebase_messaging] AndroidManifest.xml:19:13-97
181            android:exported="false" >
181-->[:firebase_messaging] AndroidManifest.xml:20:13-37
182            <intent-filter>
182-->[:firebase_messaging] AndroidManifest.xml:21:13-23:29
183                <action android:name="com.google.firebase.MESSAGING_EVENT" />
183-->[:firebase_messaging] AndroidManifest.xml:22:17-78
183-->[:firebase_messaging] AndroidManifest.xml:22:25-75
184            </intent-filter>
185        </service>
186
187        <receiver
187-->[:firebase_messaging] AndroidManifest.xml:26:9-33:20
188            android:name="io.flutter.plugins.firebase.messaging.FlutterFirebaseMessagingReceiver"
188-->[:firebase_messaging] AndroidManifest.xml:27:13-98
189            android:exported="true"
189-->[:firebase_messaging] AndroidManifest.xml:28:13-36
190            android:permission="com.google.android.c2dm.permission.SEND" >
190-->[:firebase_messaging] AndroidManifest.xml:29:13-73
191            <intent-filter>
191-->[:firebase_messaging] AndroidManifest.xml:30:13-32:29
192                <action android:name="com.google.android.c2dm.intent.RECEIVE" />
192-->[:firebase_messaging] AndroidManifest.xml:31:17-81
192-->[:firebase_messaging] AndroidManifest.xml:31:25-78
193            </intent-filter>
194        </receiver>
195
196        <provider
196-->[:firebase_messaging] AndroidManifest.xml:41:9-45:38
197            android:name="io.flutter.plugins.firebase.messaging.FlutterFirebaseMessagingInitProvider"
197-->[:firebase_messaging] AndroidManifest.xml:42:13-102
198            android:authorities="com.example.healthmvp.flutterfirebasemessaginginitprovider"
198-->[:firebase_messaging] AndroidManifest.xml:43:13-88
199            android:exported="false"
199-->[:firebase_messaging] AndroidManifest.xml:44:13-37
200            android:initOrder="99" />
200-->[:firebase_messaging] AndroidManifest.xml:45:13-35
201
202        <activity
202-->[com.google.firebase:firebase-auth:23.2.0] AndroidManifest.xml:29:9-46:20
203            android:name="com.google.firebase.auth.internal.GenericIdpActivity"
203-->[com.google.firebase:firebase-auth:23.2.0] AndroidManifest.xml:30:13-80
204            android:excludeFromRecents="true"
204-->[com.google.firebase:firebase-auth:23.2.0] AndroidManifest.xml:31:13-46
205            android:exported="true"
205-->[com.google.firebase:firebase-auth:23.2.0] AndroidManifest.xml:32:13-36
206            android:launchMode="singleTask"
206-->[com.google.firebase:firebase-auth:23.2.0] AndroidManifest.xml:33:13-44
207            android:theme="@android:style/Theme.Translucent.NoTitleBar" >
207-->[com.google.firebase:firebase-auth:23.2.0] AndroidManifest.xml:34:13-72
208            <intent-filter>
208-->[com.google.firebase:firebase-auth:23.2.0] AndroidManifest.xml:35:13-45:29
209                <action android:name="android.intent.action.VIEW" />
209-->[com.google.firebase:firebase-auth:23.2.0] AndroidManifest.xml:36:17-69
209-->[com.google.firebase:firebase-auth:23.2.0] AndroidManifest.xml:36:25-66
210
211                <category android:name="android.intent.category.DEFAULT" />
211-->[com.google.firebase:firebase-auth:23.2.0] AndroidManifest.xml:38:17-76
211-->[com.google.firebase:firebase-auth:23.2.0] AndroidManifest.xml:38:27-73
212                <category android:name="android.intent.category.BROWSABLE" />
212-->[com.google.firebase:firebase-auth:23.2.0] AndroidManifest.xml:39:17-78
212-->[com.google.firebase:firebase-auth:23.2.0] AndroidManifest.xml:39:27-75
213
214                <data
214-->[com.google.firebase:firebase-auth:23.2.0] AndroidManifest.xml:41:17-44:51
215                    android:host="firebase.auth"
215-->[com.google.firebase:firebase-auth:23.2.0] AndroidManifest.xml:42:21-49
216                    android:path="/"
216-->[com.google.firebase:firebase-auth:23.2.0] AndroidManifest.xml:43:21-37
217                    android:scheme="genericidp" />
217-->[com.google.firebase:firebase-auth:23.2.0] AndroidManifest.xml:44:21-48
218            </intent-filter>
219        </activity>
220        <activity
220-->[com.google.firebase:firebase-auth:23.2.0] AndroidManifest.xml:47:9-64:20
221            android:name="com.google.firebase.auth.internal.RecaptchaActivity"
221-->[com.google.firebase:firebase-auth:23.2.0] AndroidManifest.xml:48:13-79
222            android:excludeFromRecents="true"
222-->[com.google.firebase:firebase-auth:23.2.0] AndroidManifest.xml:49:13-46
223            android:exported="true"
223-->[com.google.firebase:firebase-auth:23.2.0] AndroidManifest.xml:50:13-36
224            android:launchMode="singleTask"
224-->[com.google.firebase:firebase-auth:23.2.0] AndroidManifest.xml:51:13-44
225            android:theme="@android:style/Theme.Translucent.NoTitleBar" >
225-->[com.google.firebase:firebase-auth:23.2.0] AndroidManifest.xml:52:13-72
226            <intent-filter>
226-->[com.google.firebase:firebase-auth:23.2.0] AndroidManifest.xml:53:13-63:29
227                <action android:name="android.intent.action.VIEW" />
227-->[com.google.firebase:firebase-auth:23.2.0] AndroidManifest.xml:36:17-69
227-->[com.google.firebase:firebase-auth:23.2.0] AndroidManifest.xml:36:25-66
228
229                <category android:name="android.intent.category.DEFAULT" />
229-->[com.google.firebase:firebase-auth:23.2.0] AndroidManifest.xml:38:17-76
229-->[com.google.firebase:firebase-auth:23.2.0] AndroidManifest.xml:38:27-73
230                <category android:name="android.intent.category.BROWSABLE" />
230-->[com.google.firebase:firebase-auth:23.2.0] AndroidManifest.xml:39:17-78
230-->[com.google.firebase:firebase-auth:23.2.0] AndroidManifest.xml:39:27-75
231
232                <data
232-->[com.google.firebase:firebase-auth:23.2.0] AndroidManifest.xml:41:17-44:51
233                    android:host="firebase.auth"
233-->[com.google.firebase:firebase-auth:23.2.0] AndroidManifest.xml:42:21-49
234                    android:path="/"
234-->[com.google.firebase:firebase-auth:23.2.0] AndroidManifest.xml:43:21-37
235                    android:scheme="recaptcha" />
235-->[com.google.firebase:firebase-auth:23.2.0] AndroidManifest.xml:44:21-48
236            </intent-filter>
237        </activity>
238
239        <receiver
239-->[com.google.firebase:firebase-messaging:24.1.1] AndroidManifest.xml:29:9-40:20
240            android:name="com.google.firebase.iid.FirebaseInstanceIdReceiver"
240-->[com.google.firebase:firebase-messaging:24.1.1] AndroidManifest.xml:30:13-78
241            android:exported="true"
241-->[com.google.firebase:firebase-messaging:24.1.1] AndroidManifest.xml:31:13-36
242            android:permission="com.google.android.c2dm.permission.SEND" >
242-->[com.google.firebase:firebase-messaging:24.1.1] AndroidManifest.xml:32:13-73
243            <intent-filter>
243-->[:firebase_messaging] AndroidManifest.xml:30:13-32:29
244                <action android:name="com.google.android.c2dm.intent.RECEIVE" />
244-->[:firebase_messaging] AndroidManifest.xml:31:17-81
244-->[:firebase_messaging] AndroidManifest.xml:31:25-78
245            </intent-filter>
246
247            <meta-data
247-->[com.google.firebase:firebase-messaging:24.1.1] AndroidManifest.xml:37:13-39:40
248                android:name="com.google.android.gms.cloudmessaging.FINISHED_AFTER_HANDLED"
248-->[com.google.firebase:firebase-messaging:24.1.1] AndroidManifest.xml:38:17-92
249                android:value="true" />
249-->[com.google.firebase:firebase-messaging:24.1.1] AndroidManifest.xml:39:17-37
250        </receiver>
251        <!--
252             FirebaseMessagingService performs security checks at runtime,
253             but set to not exported to explicitly avoid allowing another app to call it.
254        -->
255        <service
255-->[com.google.firebase:firebase-messaging:24.1.1] AndroidManifest.xml:46:9-53:19
256            android:name="com.google.firebase.messaging.FirebaseMessagingService"
256-->[com.google.firebase:firebase-messaging:24.1.1] AndroidManifest.xml:47:13-82
257            android:directBootAware="true"
257-->[com.google.firebase:firebase-messaging:24.1.1] AndroidManifest.xml:48:13-43
258            android:exported="false" >
258-->[com.google.firebase:firebase-messaging:24.1.1] AndroidManifest.xml:49:13-37
259            <intent-filter android:priority="-500" >
259-->[:firebase_messaging] AndroidManifest.xml:21:13-23:29
260                <action android:name="com.google.firebase.MESSAGING_EVENT" />
260-->[:firebase_messaging] AndroidManifest.xml:22:17-78
260-->[:firebase_messaging] AndroidManifest.xml:22:25-75
261            </intent-filter>
262        </service>
263        <service
263-->[androidx.credentials:credentials-play-services-auth:1.2.0-rc01] AndroidManifest.xml:24:9-32:19
264            android:name="androidx.credentials.playservices.CredentialProviderMetadataHolder"
264-->[androidx.credentials:credentials-play-services-auth:1.2.0-rc01] AndroidManifest.xml:25:13-94
265            android:enabled="true"
265-->[androidx.credentials:credentials-play-services-auth:1.2.0-rc01] AndroidManifest.xml:26:13-35
266            android:exported="false" >
266-->[androidx.credentials:credentials-play-services-auth:1.2.0-rc01] AndroidManifest.xml:27:13-37
267            <meta-data
267-->[androidx.credentials:credentials-play-services-auth:1.2.0-rc01] AndroidManifest.xml:29:13-31:104
268                android:name="androidx.credentials.CREDENTIAL_PROVIDER_KEY"
268-->[androidx.credentials:credentials-play-services-auth:1.2.0-rc01] AndroidManifest.xml:30:17-76
269                android:value="androidx.credentials.playservices.CredentialProviderPlayServicesImpl" />
269-->[androidx.credentials:credentials-play-services-auth:1.2.0-rc01] AndroidManifest.xml:31:17-101
270        </service>
271
272        <activity
272-->[androidx.credentials:credentials-play-services-auth:1.2.0-rc01] AndroidManifest.xml:34:9-41:20
273            android:name="androidx.credentials.playservices.HiddenActivity"
273-->[androidx.credentials:credentials-play-services-auth:1.2.0-rc01] AndroidManifest.xml:35:13-76
274            android:configChanges="orientation|screenSize|screenLayout|keyboardHidden"
274-->[androidx.credentials:credentials-play-services-auth:1.2.0-rc01] AndroidManifest.xml:36:13-87
275            android:enabled="true"
275-->[androidx.credentials:credentials-play-services-auth:1.2.0-rc01] AndroidManifest.xml:37:13-35
276            android:exported="false"
276-->[androidx.credentials:credentials-play-services-auth:1.2.0-rc01] AndroidManifest.xml:38:13-37
277            android:fitsSystemWindows="true"
277-->[androidx.credentials:credentials-play-services-auth:1.2.0-rc01] AndroidManifest.xml:39:13-45
278            android:theme="@style/Theme.Hidden" >
278-->[androidx.credentials:credentials-play-services-auth:1.2.0-rc01] AndroidManifest.xml:40:13-48
279        </activity>
280
281        <service
281-->[:flutter_background_service_android] AndroidManifest.xml:12:9-16:44
282            android:name="id.flutter.flutter_background_service.BackgroundService"
282-->[:flutter_background_service_android] AndroidManifest.xml:13:13-83
283            android:enabled="true"
283-->[:flutter_background_service_android] AndroidManifest.xml:14:13-35
284            android:exported="true"
284-->[:flutter_background_service_android] AndroidManifest.xml:15:13-36
285            android:stopWithTask="false" />
285-->[:flutter_background_service_android] AndroidManifest.xml:16:13-41
286
287        <receiver
287-->[:flutter_background_service_android] AndroidManifest.xml:18:9-21:39
288            android:name="id.flutter.flutter_background_service.WatchdogReceiver"
288-->[:flutter_background_service_android] AndroidManifest.xml:19:13-82
289            android:enabled="true"
289-->[:flutter_background_service_android] AndroidManifest.xml:20:13-35
290            android:exported="true" />
290-->[:flutter_background_service_android] AndroidManifest.xml:21:13-36
291        <receiver
291-->[:flutter_background_service_android] AndroidManifest.xml:22:9-31:20
292            android:name="id.flutter.flutter_background_service.BootReceiver"
292-->[:flutter_background_service_android] AndroidManifest.xml:23:13-78
293            android:enabled="true"
293-->[:flutter_background_service_android] AndroidManifest.xml:24:13-35
294            android:exported="true" >
294-->[:flutter_background_service_android] AndroidManifest.xml:25:13-36
295            <intent-filter>